0 info it worked if it ends with ok
1 verbose cli [ 'node',
1 verbose cli   '/usr/local/bin/npm',
1 verbose cli   'install',
1 verbose cli   '--global',
1 verbose cli   'yo',
1 verbose cli   'gulp',
1 verbose cli   'bower' ]
2 info using npm@2.11.3
3 info using node@v0.12.7
4 verbose install initial load of /usr/local/lib/package.json
5 verbose readDependencies loading dependencies from /usr/local/lib/package.json
6 silly cache add args [ 'yo', null ]
7 verbose cache add spec yo
8 silly cache add args [ 'gulp', null ]
9 verbose cache add spec gulp
10 silly cache add args [ 'bower', null ]
11 verbose cache add spec bower
12 silly cache add parsed spec { raw: 'yo',
12 silly cache add   scope: null,
12 silly cache add   name: 'yo',
12 silly cache add   rawSpec: '',
12 silly cache add   spec: '*',
12 silly cache add   type: 'range' }
13 silly addNamed yo@*
14 verbose addNamed "*" is a valid semver range for yo
15 silly addNameRange { name: 'yo', range: '*', hasData: false }
16 silly mapToRegistry name yo
17 silly mapToRegistry using default registry
18 silly mapToRegistry registry https://registry.npmjs.org/
19 silly mapToRegistry uri https://registry.npmjs.org/yo
20 verbose addNameRange registry:https://registry.npmjs.org/yo not in flight; fetching
21 silly cache add parsed spec { raw: 'gulp',
21 silly cache add   scope: null,
21 silly cache add   name: 'gulp',
21 silly cache add   rawSpec: '',
21 silly cache add   spec: '*',
21 silly cache add   type: 'range' }
22 silly addNamed gulp@*
23 verbose addNamed "*" is a valid semver range for gulp
24 silly addNameRange { name: 'gulp', range: '*', hasData: false }
25 silly mapToRegistry name gulp
26 silly mapToRegistry using default registry
27 silly mapToRegistry registry https://registry.npmjs.org/
28 silly mapToRegistry uri https://registry.npmjs.org/gulp
29 verbose addNameRange registry:https://registry.npmjs.org/gulp not in flight; fetching
30 silly cache add parsed spec { raw: 'bower',
30 silly cache add   scope: null,
30 silly cache add   name: 'bower',
30 silly cache add   rawSpec: '',
30 silly cache add   spec: '*',
30 silly cache add   type: 'range' }
31 silly addNamed bower@*
32 verbose addNamed "*" is a valid semver range for bower
33 silly addNameRange { name: 'bower', range: '*', hasData: false }
34 silly mapToRegistry name bower
35 silly mapToRegistry using default registry
36 silly mapToRegistry registry https://registry.npmjs.org/
37 silly mapToRegistry uri https://registry.npmjs.org/bower
38 verbose addNameRange registry:https://registry.npmjs.org/bower not in flight; fetching
39 verbose request uri https://registry.npmjs.org/yo
40 verbose request no auth needed
41 info attempt registry request try #1 at 9:41:26 AM
42 verbose request id 24a83459b250e132
43 verbose etag "9Q26KKMNJA31XDB9T64FPWQ9L"
44 http request GET https://registry.npmjs.org/yo
45 verbose request uri https://registry.npmjs.org/bower
46 verbose request no auth needed
47 info attempt registry request try #1 at 9:41:26 AM
48 verbose etag "ASFND5K6OEGFOJBAY7WTP1LIB"
49 http request GET https://registry.npmjs.org/bower
50 verbose request uri https://registry.npmjs.org/gulp
51 verbose request no auth needed
52 info attempt registry request try #1 at 9:41:26 AM
53 verbose etag "DQC7MKH7WHNFMCP0CHHTZZT5W"
54 http request GET https://registry.npmjs.org/gulp
55 http 304 https://registry.npmjs.org/gulp
56 silly get cb [ 304,
56 silly get   { date: 'Fri, 29 Jan 2016 08:41:27 GMT',
56 silly get     via: '1.1 varnish',
56 silly get     'cache-control': 'max-age=300',
56 silly get     etag: '"DQC7MKH7WHNFMCP0CHHTZZT5W"',
56 silly get     age: '207',
56 silly get     connection: 'keep-alive',
56 silly get     'x-served-by': 'cache-lhr6326-LHR',
56 silly get     'x-cache': 'HIT',
56 silly get     'x-cache-hits': '5',
56 silly get     'x-timer': 'S1454056887.702713,VS0,VE0',
56 silly get     vary: 'Accept' } ]
57 verbose etag https://registry.npmjs.org/gulp from cache
58 verbose get saving gulp to /Users/tomas/.npm/registry.npmjs.org/gulp/.cache.json
59 silly addNameRange number 2 { name: 'gulp', range: '*', hasData: true }
60 silly addNameRange versions [ 'gulp',
60 silly addNameRange   [ '0.0.1',
60 silly addNameRange     '0.0.2',
60 silly addNameRange     '0.0.3',
60 silly addNameRange     '0.0.4',
60 silly addNameRange     '0.0.5',
60 silly addNameRange     '0.0.7',
60 silly addNameRange     '0.0.8',
60 silly addNameRange     '0.0.9',
60 silly addNameRange     '0.1.0',
60 silly addNameRange     '0.2.0',
60 silly addNameRange     '1.0.0',
60 silly addNameRange     '1.1.0',
60 silly addNameRange     '1.2.0',
60 silly addNameRange     '1.2.1',
60 silly addNameRange     '2.0.0',
60 silly addNameRange     '2.0.1',
60 silly addNameRange     '2.1.0',
60 silly addNameRange     '2.2.0',
60 silly addNameRange     '2.3.0',
60 silly addNameRange     '2.4.0',
60 silly addNameRange     '2.4.1',
60 silly addNameRange     '2.6.0',
60 silly addNameRange     '2.6.1',
60 silly addNameRange     '2.7.0',
60 silly addNameRange     '3.0.0',
60 silly addNameRange     '3.1.1',
60 silly addNameRange     '3.1.2',
60 silly addNameRange     '3.1.3',
60 silly addNameRange     '3.1.4',
60 silly addNameRange     '3.2.0',
60 silly addNameRange     '3.2.1',
60 silly addNameRange     '3.2.2',
60 silly addNameRange     '3.2.3',
60 silly addNameRange     '3.2.4',
60 silly addNameRange     '3.2.5',
60 silly addNameRange     '3.3.0',
60 silly addNameRange     '3.3.1',
60 silly addNameRange     '3.3.2',
60 silly addNameRange     '3.3.4',
60 silly addNameRange     '3.4.0',
60 silly addNameRange     '3.5.0',
60 silly addNameRange     '3.5.1',
60 silly addNameRange     '3.5.2',
60 silly addNameRange     '3.5.5',
60 silly addNameRange     '3.5.6',
60 silly addNameRange     '3.6.0',
60 silly addNameRange     '3.6.1',
60 silly addNameRange     '3.6.2',
60 silly addNameRange     '3.7.0',
60 silly addNameRange     '3.8.0',
60 silly addNameRange     '3.8.1',
60 silly addNameRange     '3.8.2',
60 silly addNameRange     '3.8.3',
60 silly addNameRange     '3.8.4',
60 silly addNameRange     '3.8.5',
60 silly addNameRange     '3.8.6',
60 silly addNameRange     '3.8.7',
60 silly addNameRange     '3.8.8',
60 silly addNameRange     '3.8.9',
60 silly addNameRange     '3.8.10',
60 silly addNameRange     '3.8.11',
60 silly addNameRange     '3.9.0' ] ]
61 silly addNamed gulp@3.9.0
62 verbose addNamed "3.9.0" is a plain semver version for gulp
63 silly cache afterAdd gulp@3.9.0
64 verbose afterAdd /Users/tomas/.npm/gulp/3.9.0/package/package.json not in flight; writing
65 verbose afterAdd /Users/tomas/.npm/gulp/3.9.0/package/package.json written
66 http 200 https://registry.npmjs.org/yo
67 silly get cb [ 200,
67 silly get   { server: 'CouchDB/1.5.0 (Erlang OTP/R16B03)',
67 silly get     etag: '"7O021M4I56INXG6EWJYH4UKD9"',
67 silly get     'content-type': 'application/json',
67 silly get     'cache-control': 'max-age=300',
67 silly get     'content-length': '44812',
67 silly get     'accept-ranges': 'bytes',
67 silly get     date: 'Fri, 29 Jan 2016 08:41:27 GMT',
67 silly get     via: '1.1 varnish',
67 silly get     age: '237',
67 silly get     connection: 'keep-alive',
67 silly get     'x-served-by': 'cache-lhr6335-LHR',
67 silly get     'x-cache': 'HIT',
67 silly get     'x-cache-hits': '1',
67 silly get     'x-timer': 'S1454056887.692294,VS0,VE0',
67 silly get     vary: 'Accept' } ]
68 verbose get saving yo to /Users/tomas/.npm/registry.npmjs.org/yo/.cache.json
69 silly addNameRange number 2 { name: 'yo', range: '*', hasData: true }
70 silly addNameRange versions [ 'yo',
70 silly addNameRange   [ '1.1.0',
70 silly addNameRange     '1.1.1',
70 silly addNameRange     '1.1.2',
70 silly addNameRange     '1.2.0',
70 silly addNameRange     '1.2.1',
70 silly addNameRange     '1.3.0',
70 silly addNameRange     '1.3.2',
70 silly addNameRange     '1.3.3',
70 silly addNameRange     '1.4.1',
70 silly addNameRange     '1.4.2',
70 silly addNameRange     '1.4.4',
70 silly addNameRange     '1.4.5',
70 silly addNameRange     '1.4.6',
70 silly addNameRange     '1.4.7',
70 silly addNameRange     '1.4.8',
70 silly addNameRange     '1.5.0',
70 silly addNameRange     '1.5.1',
70 silly addNameRange     '1.6.0' ] ]
71 silly addNamed yo@1.6.0
72 verbose addNamed "1.6.0" is a plain semver version for yo
73 silly mapToRegistry name yo
74 silly mapToRegistry using default registry
75 silly mapToRegistry registry https://registry.npmjs.org/
76 silly mapToRegistry uri https://registry.npmjs.org/yo
77 verbose addRemoteTarball https://registry.npmjs.org/yo/-/yo-1.6.0.tgz not in flight; adding
78 verbose addRemoteTarball [ 'https://registry.npmjs.org/yo/-/yo-1.6.0.tgz',
78 verbose addRemoteTarball   '67a3ca07e0880bc9fa3651892af4c5d2a95fcd0b' ]
79 info retry fetch attempt 1 at 9:41:26 AM
80 info attempt registry request try #1 at 9:41:26 AM
81 http fetch GET https://registry.npmjs.org/yo/-/yo-1.6.0.tgz
82 http 200 https://registry.npmjs.org/bower
83 silly get cb [ 200,
83 silly get   { server: 'CouchDB/1.5.0 (Erlang OTP/R16B03)',
83 silly get     etag: '"1ED3L97HWL74P9C8G3Q4CCP9Q"',
83 silly get     'content-type': 'application/json',
83 silly get     'cache-control': 'max-age=300',
83 silly get     'content-length': '168776',
83 silly get     'accept-ranges': 'bytes',
83 silly get     date: 'Fri, 29 Jan 2016 08:41:27 GMT',
83 silly get     via: '1.1 varnish',
83 silly get     age: '13',
83 silly get     connection: 'keep-alive',
83 silly get     'x-served-by': 'cache-lhr6321-LHR',
83 silly get     'x-cache': 'HIT',
83 silly get     'x-cache-hits': '1',
83 silly get     'x-timer': 'S1454056887.697567,VS0,VE0',
83 silly get     vary: 'Accept' } ]
84 verbose get saving bower to /Users/tomas/.npm/registry.npmjs.org/bower/.cache.json
85 silly addNameRange number 2 { name: 'bower', range: '*', hasData: true }
86 silly addNameRange versions [ 'bower',
86 silly addNameRange   [ '0.1.0',
86 silly addNameRange     '0.1.2',
86 silly addNameRange     '0.1.3',
86 silly addNameRange     '0.2.0',
86 silly addNameRange     '0.3.0',
86 silly addNameRange     '0.3.1',
86 silly addNameRange     '0.3.2',
86 silly addNameRange     '0.4.0',
86 silly addNameRange     '0.5.0',
86 silly addNameRange     '0.5.1',
86 silly addNameRange     '0.6.0',
86 silly addNameRange     '0.6.1',
86 silly addNameRange     '0.6.2',
86 silly addNameRange     '0.6.3',
86 silly addNameRange     '0.6.4',
86 silly addNameRange     '0.6.5',
86 silly addNameRange     '0.6.6',
86 silly addNameRange     '0.6.7',
86 silly addNameRange     '0.6.8',
86 silly addNameRange     '0.7.0',
86 silly addNameRange     '0.7.1',
86 silly addNameRange     '0.8.0',
86 silly addNameRange     '0.8.1',
86 silly addNameRange     '0.8.2',
86 silly addNameRange     '0.8.3',
86 silly addNameRange     '0.8.4',
86 silly addNameRange     '0.8.5',
86 silly addNameRange     '0.8.6',
86 silly addNameRange     '0.9.0',
86 silly addNameRange     '0.9.1',
86 silly addNameRange     '0.9.2',
86 silly addNameRange     '0.10.0',
86 silly addNameRange     '1.0.0',
86 silly addNameRange     '1.0.1',
86 silly addNameRange     '1.0.2',
86 silly addNameRange     '1.0.3',
86 silly addNameRange     '1.1.0',
86 silly addNameRange     '1.1.1',
86 silly addNameRange     '1.1.2',
86 silly addNameRange     '1.2.0',
86 silly addNameRange     '1.2.1',
86 silly addNameRange     '1.2.2',
86 silly addNameRange     '1.2.3',
86 silly addNameRange     '1.2.4',
86 silly addNameRange     '1.2.5',
86 silly addNameRange     '1.2.6',
86 silly addNameRange     '1.2.7',
86 silly addNameRange     '1.2.8',
86 silly addNameRange     '1.3.0',
86 silly addNameRange     '1.3.1',
86 silly addNameRange     '1.3.2',
86 silly addNameRange     '1.3.3',
86 silly addNameRange     '1.3.4',
86 silly addNameRange     '1.3.5',
86 silly addNameRange     '1.3.6',
86 silly addNameRange     '1.3.7',
86 silly addNameRange     '1.3.8',
86 silly addNameRange     '1.3.9',
86 silly addNameRange     '1.3.10',
86 silly addNameRange     '1.3.11',
86 silly addNameRange     '1.3.12',
86 silly addNameRange     '1.4.0',
86 silly addNameRange     '1.4.1',
86 silly addNameRange     '1.5.0',
86 silly addNameRange     '1.5.1',
86 silly addNameRange     '1.5.2',
86 silly addNameRange     '1.5.3',
86 silly addNameRange     '1.6.2',
86 silly addNameRange     '1.6.3',
86 silly addNameRange     '1.6.4',
86 silly addNameRange     '1.6.5',
86 silly addNameRange     '1.5.4',
86 silly addNameRange     '1.4.2',
86 silly addNameRange     '1.6.6',
86 silly addNameRange     '1.6.7',
86 silly addNameRange     '1.6.8',
86 silly addNameRange     '1.6.9',
86 silly addNameRange     '1.7.0',
86 silly addNameRange     '1.7.1',
86 silly addNameRange     '1.7.2',
86 silly addNameRange     '1.7.5',
86 silly addNameRange     '1.7.6',
86 silly addNameRange     '1.7.7' ] ]
87 silly addNamed bower@1.7.7
88 verbose addNamed "1.7.7" is a plain semver version for bower
89 silly mapToRegistry name bower
90 silly mapToRegistry using default registry
91 silly mapToRegistry registry https://registry.npmjs.org/
92 silly mapToRegistry uri https://registry.npmjs.org/bower
93 verbose addRemoteTarball https://registry.npmjs.org/bower/-/bower-1.7.7.tgz not in flight; adding
94 verbose addRemoteTarball [ 'https://registry.npmjs.org/bower/-/bower-1.7.7.tgz',
94 verbose addRemoteTarball   '2fd7ff3ebdcba5a8ffcd84c397c8fdfe9f825f92' ]
95 info retry fetch attempt 1 at 9:41:26 AM
96 info attempt registry request try #1 at 9:41:26 AM
97 http fetch GET https://registry.npmjs.org/bower/-/bower-1.7.7.tgz
98 http fetch 200 https://registry.npmjs.org/yo/-/yo-1.6.0.tgz
99 silly fetchAndShaCheck shasum 67a3ca07e0880bc9fa3651892af4c5d2a95fcd0b
100 verbose addTmpTarball /var/folders/yd/gm6y4gvd0859f9b1t1qzd61w0000gn/T/npm-24137-3d888df1/registry.npmjs.org/yo/-/yo-1.6.0.tgz not in flight; adding
101 verbose addTmpTarball already have metadata; skipping unpack for yo@1.6.0
102 silly cache afterAdd yo@1.6.0
103 verbose afterAdd /Users/tomas/.npm/yo/1.6.0/package/package.json not in flight; writing
104 verbose afterAdd /Users/tomas/.npm/yo/1.6.0/package/package.json written
105 http fetch 200 https://registry.npmjs.org/bower/-/bower-1.7.7.tgz
106 silly fetchAndShaCheck shasum 2fd7ff3ebdcba5a8ffcd84c397c8fdfe9f825f92
107 verbose addTmpTarball /var/folders/yd/gm6y4gvd0859f9b1t1qzd61w0000gn/T/npm-24137-3d888df1/registry.npmjs.org/bower/-/bower-1.7.7.tgz not in flight; adding
108 verbose addTmpTarball already have metadata; skipping unpack for bower@1.7.7
109 silly cache afterAdd bower@1.7.7
110 verbose afterAdd /Users/tomas/.npm/bower/1.7.7/package/package.json not in flight; writing
111 verbose afterAdd /Users/tomas/.npm/bower/1.7.7/package/package.json written
112 silly install resolved [ { name: 'gulp',
112 silly install resolved     description: 'The streaming build system',
112 silly install resolved     version: '3.9.0',
112 silly install resolved     homepage: 'http://gulpjs.com',
112 silly install resolved     repository: { type: 'git', url: 'git+https://github.com/gulpjs/gulp.git' },
112 silly install resolved     author:
112 silly install resolved      { name: 'Fractal',
112 silly install resolved        email: 'contact@wearefractal.com',
112 silly install resolved        url: 'http://wearefractal.com/' },
112 silly install resolved     tags: [ 'build', 'stream', 'system', 'make', 'tool', 'asset', 'pipeline' ],
112 silly install resolved     files: [ 'index.js', 'lib', 'bin', 'completion' ],
112 silly install resolved     bin: { gulp: './bin/gulp.js' },
112 silly install resolved     man: [ 'gulp.1' ],
112 silly install resolved     dependencies:
112 silly install resolved      { archy: '^1.0.0',
112 silly install resolved        chalk: '^1.0.0',
112 silly install resolved        deprecated: '^0.0.1',
112 silly install resolved        'gulp-util': '^3.0.0',
112 silly install resolved        interpret: '^0.6.2',
112 silly install resolved        liftoff: '^2.1.0',
112 silly install resolved        minimist: '^1.1.0',
112 silly install resolved        orchestrator: '^0.3.0',
112 silly install resolved        'pretty-hrtime': '^1.0.0',
112 silly install resolved        semver: '^4.1.0',
112 silly install resolved        tildify: '^1.0.0',
112 silly install resolved        v8flags: '^2.0.2',
112 silly install resolved        'vinyl-fs': '^0.3.0' },
112 silly install resolved     devDependencies:
112 silly install resolved      { coveralls: '^2.7.0',
112 silly install resolved        'graceful-fs': '^3.0.0',
112 silly install resolved        istanbul: '^0.3.0',
112 silly install resolved        jscs: '~1.12.0',
112 silly install resolved        jshint: '^2.5.0',
112 silly install resolved        'jshint-stylish': '^1.0.0',
112 silly install resolved        'marked-man': '^0.1.3',
112 silly install resolved        mkdirp: '^0.5.0',
112 silly install resolved        mocha: '^2.0.1',
112 silly install resolved        'mocha-lcov-reporter': '^0.0.1',
112 silly install resolved        q: '^1.0.0',
112 silly install resolved        rimraf: '^2.2.5',
112 silly install resolved        should: '^5.0.1' },
112 silly install resolved     scripts:
112 silly install resolved      { prepublish: 'marked-man --name gulp docs/CLI.md > gulp.1',
112 silly install resolved        lint: 'jshint lib bin test index.js --reporter node_modules/jshint-stylish/stylish.js --exclude node_modules && jscs lib bin test index.js',
112 silly install resolved        test: 'npm run-script lint && mocha --reporter spec',
112 silly install resolved        coveralls: 'istanbul cover _mocha --report lcovonly -- -R spec && cat ./coverage/lcov.info | coveralls && rm -rf ./coverage' },
112 silly install resolved     engines: { node: '>= 0.9' },
112 silly install resolved     license: 'MIT',
112 silly install resolved     gitHead: '657213a52d5e9c19b85df6a42f76341a98c08ae8',
112 silly install resolved     bugs: { url: 'https://github.com/gulpjs/gulp/issues' },
112 silly install resolved     _id: 'gulp@3.9.0',
112 silly install resolved     _shasum: 'cf1fba4cb558bb8c6ae6c9613f583ae2620d214a',
112 silly install resolved     _from: 'gulp@*',
112 silly install resolved     _npmVersion: '2.8.3',
112 silly install resolved     _nodeVersion: '0.10.36',
112 silly install resolved     _npmUser: { name: 'phated', email: 'blaine@iceddev.com' },
112 silly install resolved     maintainers: [ [Object], [Object] ],
112 silly install resolved     dist:
112 silly install resolved      { shasum: 'cf1fba4cb558bb8c6ae6c9613f583ae2620d214a',
112 silly install resolved        tarball: 'http://registry.npmjs.org/gulp/-/gulp-3.9.0.tgz' },
112 silly install resolved     directories: {},
112 silly install resolved     _resolved: 'https://registry.npmjs.org/gulp/-/gulp-3.9.0.tgz',
112 silly install resolved     readme: 'ERROR: No README data found!' },
112 silly install resolved   { name: 'yo',
112 silly install resolved     version: '1.6.0',
112 silly install resolved     description: 'CLI tool for running Yeoman generators',
112 silly install resolved     homepage: 'https://github.com/yeoman/yo#readme',
112 silly install resolved     author: { name: 'Yeoman' },
112 silly install resolved     files: [ 'lib' ],
112 silly install resolved     main: 'lib/index.js',
112 silly install resolved     keywords:
112 silly install resolved      [ 'cli-app',
112 silly install resolved        'cli',
112 silly install resolved        'front-end',
112 silly install resolved        'development',
112 silly install resolved        'dev',
112 silly install resolved        'build',
112 silly install resolved        'web',
112 silly install resolved        'tool',
112 silly install resolved        'scaffold',
112 silly install resolved        'stack',
112 silly install resolved        'yeoman',
112 silly install resolved        'generator',
112 silly install resolved        'generate',
112 silly install resolved        'app',
112 silly install resolved        'boilerplate' ],
112 silly install resolved     license: 'BSD-2-Clause',
112 silly install resolved     repository: { type: 'git', url: 'git+https://github.com/yeoman/yo.git' },
112 silly install resolved     bin: { yo: 'lib/cli.js' },
112 silly install resolved     engines: { node: '>=0.12.0' },
112 silly install resolved     scripts:
112 silly install resolved      { test: 'gulp',
112 silly install resolved        postinstall: 'yodoctor',
112 silly install resolved        postupdate: 'yodoctor',
112 silly install resolved        prepublish: 'gulp prepublish' },
112 silly install resolved     dependencies:
112 silly install resolved      { async: '^1.0.0',
112 silly install resolved        chalk: '^1.0.0',
112 silly install resolved        configstore: '^1.0.0',
112 silly install resolved        'cross-spawn-async': '^2.0.0',
112 silly install resolved        figures: '^1.3.5',
112 silly install resolved        fullname: '^2.0.0',
112 silly install resolved        got: '^5.0.0',
112 silly install resolved        'humanize-string': '^1.0.0',
112 silly install resolved        inquirer: '^0.11.0',
112 silly install resolved        insight: '^0.7.0',
112 silly install resolved        lodash: '^3.2.0',
112 silly install resolved        meow: '^3.0.0',
112 silly install resolved        'npm-keyword': '^4.1.0',
112 silly install resolved        opn: '^3.0.2',
112 silly install resolved        'package-json': '^2.1.0',
112 silly install resolved        'read-pkg-up': '^1.0.1',
112 silly install resolved        repeating: '^2.0.0',
112 silly install resolved        'root-check': '^1.0.0',
112 silly install resolved        'sort-on': '^1.0.0',
112 silly install resolved        'string-length': '^1.0.0',
112 silly install resolved        titleize: '^1.0.0',
112 silly install resolved        'update-notifier': '^0.6.0',
112 silly install resolved        'user-home': '^2.0.0',
112 silly install resolved        'yeoman-character': '^1.0.0',
112 silly install resolved        'yeoman-doctor': '^2.0.0',
112 silly install resolved        'yeoman-environment': '^1.5.0',
112 silly install resolved        yosay: '^1.0.0' },
112 silly install resolved     devDependencies:
112 silly install resolved      { mocha: '^2.1.0',
112 silly install resolved        mockery: '^1.4.0',
112 silly install resolved        nock: '^2.0.1',
112 silly install resolved        nsp: '^2.2.0',
112 silly install resolved        proxyquire: '^1.0.1',
112 silly install resolved        'registry-url': '^3.0.0',
112 silly install resolved        sinon: '^1.12.1',
112 silly install resolved        gulp: '^3.6.0',
112 silly install resolved        'gulp-eslint': '^1.0.0',
112 silly install resolved        'gulp-exclude-gitignore': '^1.0.0',
112 silly install resolved        'gulp-istanbul': '^0.9.0',
112 silly install resolved        'gulp-mocha': '^2.0.0',
112 silly install resolved        'gulp-plumber': '^1.0.0',
112 silly install resolved        'gulp-nsp': '^2.1.0',
112 silly install resolved        'gulp-coveralls': '^0.1.0' },
112 silly install resolved     gitHead: '23cd3dc3268d82466afe78b17819f4cbe518afcd',
112 silly install resolved     bugs: { url: 'https://github.com/yeoman/yo/issues' },
112 silly install resolved     _id: 'yo@1.6.0',
112 silly install resolved     _shasum: '67a3ca07e0880bc9fa3651892af4c5d2a95fcd0b',
112 silly install resolved     _from: 'yo@*',
112 silly install resolved     _npmVersion: '3.5.3',
112 silly install resolved     _nodeVersion: '5.2.0',
112 silly install resolved     _npmUser: { name: 'sboudrias', email: 'admin@simonboudrias.com' },
112 silly install resolved     dist:
112 silly install resolved      { shasum: '67a3ca07e0880bc9fa3651892af4c5d2a95fcd0b',
112 silly install resolved        tarball: 'http://registry.npmjs.org/yo/-/yo-1.6.0.tgz' },
112 silly install resolved     maintainers:
112 silly install resolved      [ [Object],
112 silly install resolved        [Object],
112 silly install resolved        [Object],
112 silly install resolved        [Object],
112 silly install resolved        [Object],
112 silly install resolved        [Object],
112 silly install resolved        [Object] ],
112 silly install resolved     directories: {},
112 silly install resolved     _resolved: 'https://registry.npmjs.org/yo/-/yo-1.6.0.tgz' },
112 silly install resolved   { name: 'bower',
112 silly install resolved     version: '1.7.7',
112 silly install resolved     description: 'The browser package manager',
112 silly install resolved     author: { name: 'Twitter' },
112 silly install resolved     license: 'MIT',
112 silly install resolved     repository: { type: 'git', url: 'git+https://github.com/bower/bower.git' },
112 silly install resolved     main: 'lib',
112 silly install resolved     bin: { bower: 'bin/bower' },
112 silly install resolved     homepage: 'http://bower.io',
112 silly install resolved     engines: { node: '>=0.10.0' },
112 silly install resolved     keywords: [ 'bower' ],
112 silly install resolved     files: [ 'bin', 'lib' ],
112 silly install resolved     bugs: { url: 'https://github.com/bower/bower/issues' },
112 silly install resolved     _id: 'bower@1.7.7',
112 silly install resolved     scripts: {},
112 silly install resolved     _shasum: '2fd7ff3ebdcba5a8ffcd84c397c8fdfe9f825f92',
112 silly install resolved     _from: 'bower@*',
112 silly install resolved     _npmVersion: '3.5.3',
112 silly install resolved     _nodeVersion: '4.1.1',
112 silly install resolved     _npmUser: { name: 'sheerun', email: 'sheerun@sher.pl' },
112 silly install resolved     dist:
112 silly install resolved      { shasum: '2fd7ff3ebdcba5a8ffcd84c397c8fdfe9f825f92',
112 silly install resolved        tarball: 'http://registry.npmjs.org/bower/-/bower-1.7.7.tgz' },
112 silly install resolved     maintainers:
112 silly install resolved      [ [Object],
112 silly install resolved        [Object],
112 silly install resolved        [Object],
112 silly install resolved        [Object],
112 silly install resolved        [Object],
112 silly install resolved        [Object],
112 silly install resolved        [Object] ],
112 silly install resolved     directories: {},
112 silly install resolved     _resolved: 'https://registry.npmjs.org/bower/-/bower-1.7.7.tgz' } ]
113 info install gulp@3.9.0 into /usr/local/lib
114 info install yo@1.6.0 into /usr/local/lib
115 info install bower@1.7.7 into /usr/local/lib
116 info installOne gulp@3.9.0
117 verbose installOne of gulp to /usr/local/lib not in flight; installing
118 info installOne yo@1.6.0
119 verbose installOne of yo to /usr/local/lib not in flight; installing
120 info installOne bower@1.7.7
121 verbose installOne of bower to /usr/local/lib not in flight; installing
122 verbose lock using /Users/tomas/.npm/_locks/gulp-709d00e5d169ceb3.lock for /usr/local/lib/node_modules/gulp
123 verbose lock using /Users/tomas/.npm/_locks/yo-c80abb7e04f27e35.lock for /usr/local/lib/node_modules/yo
124 verbose lock using /Users/tomas/.npm/_locks/bower-e8debc5417026b57.lock for /usr/local/lib/node_modules/bower
125 silly install write writing yo 1.6.0 to /usr/local/lib/node_modules/yo
126 silly install write writing gulp 3.9.0 to /usr/local/lib/node_modules/gulp
127 silly install write writing bower 1.7.7 to /usr/local/lib/node_modules/bower
128 verbose unbuild lib/node_modules/yo
129 verbose unbuild lib/node_modules/gulp
130 verbose unbuild lib/node_modules/bower
131 info preuninstall bower@1.6.5
132 info preuninstall gulp@3.9.0
133 info uninstall bower@1.6.5
134 info uninstall gulp@3.9.0
135 verbose unbuild rmStuff bower@1.6.5 from /usr/local/lib/node_modules
136 silly gentlyRm /usr/local/bin/bower is being gently removed
137 silly gentlyRm verifying /usr/local is an npm working directory
138 verbose unbuild rmStuff gulp@3.9.0 from /usr/local/lib/node_modules
139 silly gentlyRm /usr/local/bin/gulp is being gently removed
140 silly gentlyRm verifying /usr/local is an npm working directory
141 verbose rmMans man files are [ 'gulp.1' ] in /usr/local/share/man
142 silly rmMan preparing to remove gulp.1
143 silly gentlyRm /usr/local/share/man/man1/gulp.1.1 is being gently removed
144 silly gentlyRm verifying /usr/local is an npm working directory
145 silly gentlyRm containing path /usr/local is under npm's control, in /usr/local
146 silly gentlyRm deletion target /usr/local/bin/bower is under /usr/local
147 verbose gentlyRm vacuuming from /usr/local/bin/bower up to /usr/local
148 info preuninstall yo@1.4.7
149 silly gentlyRm containing path /usr/local is under npm's control, in /usr/local
150 silly gentlyRm deletion target /usr/local/bin/gulp is under /usr/local
151 verbose gentlyRm vacuuming from /usr/local/bin/gulp up to /usr/local
152 silly gentlyRm containing path /usr/local is under npm's control, in /usr/local
153 silly gentlyRm deletion target /usr/local/share/man/man1/gulp.1.1 is under /usr/local
154 verbose gentlyRm vacuuming from /usr/local/share/man/man1/gulp.1.1 up to /usr/local
155 silly vacuum-fs removing /usr/local/bin/bower
156 silly vacuum-fs removing /usr/local/bin/gulp
157 info uninstall yo@1.4.7
158 verbose unbuild rmStuff yo@1.4.7 from /usr/local/lib/node_modules
159 silly gentlyRm /usr/local/bin/yo is being gently removed
160 silly gentlyRm verifying /usr/local is an npm working directory
161 silly gentlyRm containing path /usr/local is under npm's control, in /usr/local
162 silly gentlyRm deletion target /usr/local/bin/yo is under /usr/local
163 verbose gentlyRm vacuuming from /usr/local/bin/yo up to /usr/local
164 silly vacuum-fs quitting because other entries in /usr/local/bin
165 info postuninstall bower@1.6.5
166 silly vacuum-fs quitting because other entries in /usr/local/bin
167 info postuninstall gulp@3.9.0
168 silly vacuum-fs removing /usr/local/bin/yo
169 silly gentlyRm /usr/local/lib/node_modules/bower is being purged from base /usr/local
170 verbose gentlyRm don't care about contents; nuking /usr/local/lib/node_modules/bower
171 silly gentlyRm /usr/local/lib/node_modules/gulp is being purged from base /usr/local
172 verbose gentlyRm don't care about contents; nuking /usr/local/lib/node_modules/gulp
173 silly vacuum-fs purging /usr/local/lib/node_modules/bower
174 silly vacuum-fs quitting because other entries in /usr/local/bin
175 info postuninstall yo@1.4.7
176 silly vacuum-fs purging /usr/local/lib/node_modules/gulp
177 silly gentlyRm /usr/local/lib/node_modules/yo is being purged from base /usr/local
178 verbose gentlyRm don't care about contents; nuking /usr/local/lib/node_modules/yo
179 verbose unlock done using /Users/tomas/.npm/_locks/bower-e8debc5417026b57.lock for /usr/local/lib/node_modules/bower
180 silly vacuum-fs purging /usr/local/lib/node_modules/yo
181 verbose unlock done using /Users/tomas/.npm/_locks/gulp-709d00e5d169ceb3.lock for /usr/local/lib/node_modules/gulp
182 verbose unlock done using /Users/tomas/.npm/_locks/yo-c80abb7e04f27e35.lock for /usr/local/lib/node_modules/yo
183 verbose stack Error: EACCES, rmdir '/usr/local/lib/node_modules/bower'
183 verbose stack     at Error (native)
184 verbose cwd /Users/tomas/Dev/webapp
185 error Darwin 15.3.0
186 error argv "node" "/usr/local/bin/npm" "install" "--global" "yo" "gulp" "bower"
187 error node v0.12.7
188 error npm  v2.11.3
189 error path /usr/local/lib/node_modules/bower
190 error code EACCES
191 error errno -13
192 error Error: EACCES, rmdir '/usr/local/lib/node_modules/bower'
192 error     at Error (native)
192 error  { [Error: EACCES, rmdir '/usr/local/lib/node_modules/bower']
192 error   errno: -13,
192 error   code: 'EACCES',
192 error   path: '/usr/local/lib/node_modules/bower' }
193 error Please try running this command again as root/Administrator.
194 verbose exit [ -13, true ]
195 verbose unbuild lib/node_modules/bower
196 info preuninstall bower@1.6.5
197 info uninstall bower@1.6.5
198 verbose unbuild rmStuff bower@1.6.5 from /usr/local/lib/node_modules
199 silly gentlyRm /usr/local/bin/bower is being gently removed
200 silly gentlyRm verifying /usr/local is an npm working directory
201 silly gentlyRm containing path /usr/local is under npm's control, in /usr/local
202 silly gentlyRm deletion target /usr/local/bin/bower is under /usr/local
203 verbose gentlyRm vacuuming from /usr/local/bin/bower up to /usr/local
204 info postuninstall bower@1.6.5
205 silly gentlyRm /usr/local/lib/node_modules/bower is being purged from base /usr/local
206 verbose gentlyRm don't care about contents; nuking /usr/local/lib/node_modules/bower
207 silly vacuum-fs purging /usr/local/lib/node_modules/bower
208 error error rolling back Error: EACCES, rmdir '/usr/local/lib/node_modules/bower'
208 error error rolling back     at Error (native)
208 error error rolling back  { [Error: EACCES, rmdir '/usr/local/lib/node_modules/bower']
208 error error rolling back   errno: -13,
208 error error rolling back   code: 'EACCES',
208 error error rolling back   path: '/usr/local/lib/node_modules/bower' }
